\BOOKMARK [1][-]{section.1}{\376\377\000I\000n\000t\000r\000o\000d\000u\000c\000t\000i\000o\000n}{}% 1
\BOOKMARK [1][-]{section.2}{\376\377\000L\000i\000t\000e\000r\000a\000t\000u\000r\000e\000\040\000R\000e\000v\000i\000e\000w}{}% 2
\BOOKMARK [1][-]{section.3}{\376\377\000M\000e\000t\000h\000o\000d\000o\000l\000o\000g\000y}{}% 3
\BOOKMARK [1][-]{section.4}{\376\377\000T\000h\000e\000\040\000G\000H\000G\000\040\000P\000r\000o\000t\000o\000c\000o\000l}{}% 4
\BOOKMARK [2][-]{subsection.4.1}{\376\377\000M\000e\000t\000h\000o\000d\000o\000l\000o\000g\000i\000c\000a\000l\000\040\000F\000r\000a\000m\000e\000w\000o\000r\000k\000\040\000o\000f\000\040\000t\000h\000e\000\040\000G\000H\000G\000\040\000P\000r\000o\000t\000o\000c\000o\000l}{section.4}% 5
\BOOKMARK [2][-]{subsection.4.2}{\376\377\000A\000p\000p\000l\000i\000c\000a\000t\000i\000o\000n\000\040\000o\000f\000\040\000t\000h\000e\000\040\000G\000H\000G\000\040\000P\000r\000o\000t\000o\000c\000o\000l\000\040\000t\000o\000\040\000S\000p\000a\000n\000i\000s\000h\000\040\000H\000o\000u\000s\000e\000h\000o\000l\000d\000\040\000D\000a\000t\000a\000\040\000\050\0002\0000\0002\0002\000\051}{section.4}% 6
\BOOKMARK [2][-]{subsection.4.3}{\376\377\000L\000i\000m\000i\000t\000a\000t\000i\000o\000n\000s\000\040\000o\000f\000\040\000t\000h\000e\000\040\000G\000H\000G\000\040\000P\000r\000o\000t\000o\000c\000o\000l}{section.4}% 7
\BOOKMARK [1][-]{section.5}{\376\377\000L\000i\000f\000e\000\040\000C\000y\000c\000l\000e\000\040\000A\000s\000s\000e\000s\000s\000m\000e\000n\000t\000\040\000\050\000L\000C\000A\000\051\000\040\000M\000e\000t\000h\000o\000d}{}% 8
\BOOKMARK [2][-]{subsection.5.1}{\376\377\000M\000e\000t\000h\000o\000d\000o\000l\000o\000g\000y\000\040\000f\000o\000r\000\040\000H\000o\000u\000s\000e\000h\000o\000l\000d\000\040\000C\000a\000r\000b\000o\000n\000\040\000F\000o\000o\000t\000p\000r\000i\000n\000t\000\040\000C\000a\000l\000c\000u\000l\000a\000t\000i\000o\000n\000\040\000b\000a\000s\000e\000d\000\040\000o\000n\000\040\000L\000C\000A\000\040\000a\000p\000p\000r\000o\000a\000c\000h}{section.5}% 9
\BOOKMARK [2][-]{subsection.5.2}{\376\377\000C\000a\000r\000b\000o\000n\000\040\000E\000m\000i\000s\000s\000i\000o\000n\000s\000\040\000f\000r\000o\000m\000\040\000D\000i\000r\000e\000c\000t\000\040\000E\000n\000e\000r\000g\000y\000\040\000C\000o\000n\000s\000u\000m\000p\000t\000i\000o\000n}{section.5}% 10
\BOOKMARK [2][-]{subsection.5.3}{\376\377\000C\000a\000r\000b\000o\000n\000\040\000E\000m\000i\000s\000s\000i\000o\000n\000s\000\040\000f\000r\000o\000m\000\040\000L\000i\000v\000i\000n\000g\000\040\000C\000o\000n\000s\000u\000m\000p\000t\000i\000o\000n}{section.5}% 11
\BOOKMARK [2][-]{subsection.5.4}{\376\377\000C\000a\000r\000b\000o\000n\000\040\000F\000o\000o\000t\000p\000r\000i\000n\000t\000\040\000i\000n\000\040\000A\000g\000r\000i\000c\000u\000l\000t\000u\000r\000a\000l\000\040\000A\000c\000t\000i\000v\000i\000t\000i\000e\000s}{section.5}% 12
\BOOKMARK [2][-]{subsection.5.5}{\376\377\000C\000a\000r\000b\000o\000n\000\040\000S\000e\000q\000u\000e\000s\000t\000r\000a\000t\000i\000o\000n\000\040\000f\000r\000o\000m\000\040\000A\000f\000f\000o\000r\000e\000s\000t\000a\000t\000i\000o\000n}{section.5}% 13
\BOOKMARK [2][-]{subsection.5.6}{\376\377\000C\000a\000r\000b\000o\000n\000\040\000E\000m\000i\000s\000s\000i\000o\000n\000s\000\040\000f\000r\000o\000m\000\040\000L\000i\000v\000e\000s\000t\000o\000c\000k\000\040\000R\000a\000i\000s\000i\000n\000g}{section.5}% 14
\BOOKMARK [2][-]{subsection.5.7}{\376\377\000A\000g\000g\000r\000e\000g\000a\000t\000e\000\040\000F\000o\000r\000m\000u\000l\000a\000\040\000f\000o\000r\000\040\000H\000o\000u\000s\000e\000h\000o\000l\000d\000\040\000C\000a\000r\000b\000o\000n\000\040\000F\000o\000o\000t\000p\000r\000i\000n\000t}{section.5}% 15
\BOOKMARK [2][-]{subsection.5.8}{\376\377\000H\000o\000u\000s\000e\000h\000o\000l\000d\000\040\000E\000m\000i\000s\000s\000i\000o\000n\000s\000\040\000B\000r\000e\000a\000k\000d\000o\000w\000n\000\040\000u\000n\000d\000e\000r\000\040\000L\000C\000A}{section.5}% 16
\BOOKMARK [1][-]{section.6}{\376\377\000I\000n\000p\000u\000t\040\023\000O\000u\000t\000p\000u\000t\000\040\000M\000o\000d\000e\000l\000\040\000a\000n\000d\000\040\000C\000a\000r\000b\000o\000n\000\040\000F\000o\000o\000t\000p\000r\000i\000n\000t\000\040\000E\000s\000t\000i\000m\000a\000t\000i\000o\000n}{}% 17
\BOOKMARK [2][-]{subsection.6.1}{\376\377\000L\000e\000o\000n\000t\000i\000e\000f\000\040\000I\000n\000p\000u\000t\040\023\000O\000u\000t\000p\000u\000t\000\040\000F\000r\000a\000m\000e\000w\000o\000r\000k}{section.6}% 18
\BOOKMARK [2][-]{subsection.6.2}{\376\377\000T\000e\000c\000h\000n\000i\000c\000a\000l\000\040\000C\000o\000e\000f\000f\000i\000c\000i\000e\000n\000t\000\040\000M\000a\000t\000r\000i\000x}{section.6}% 19
\BOOKMARK [2][-]{subsection.6.3}{\376\377\000S\000t\000a\000b\000i\000l\000i\000t\000y\000\040\000o\000f\000\040\000t\000h\000e\000\040\000L\000e\000o\000n\000t\000i\000e\000f\000\040\000I\000n\000v\000e\000r\000s\000e}{section.6}% 20
\BOOKMARK [2][-]{subsection.6.4}{\376\377\000C\000a\000r\000b\000o\000n\000\040\000F\000o\000o\000t\000p\000r\000i\000n\000t\000\040\000E\000s\000t\000i\000m\000a\000t\000i\000o\000n\000\040\000v\000i\000a\000\040\000I\000n\000p\000u\000t\040\023\000O\000u\000t\000p\000u\000t\000\040\000M\000o\000d\000e\000l\000l\000i\000n\000g}{section.6}% 21
\BOOKMARK [2][-]{subsection.6.5}{\376\377\000T\000i\000e\000r\000e\000d\000\040\000D\000e\000c\000o\000m\000p\000o\000s\000i\000t\000i\000o\000n\000\040\000o\000f\000\040\000H\000o\000u\000s\000e\000h\000o\000l\000d\000\040\000E\000m\000i\000s\000s\000i\000o\000n\000s}{section.6}% 22
\BOOKMARK [2][-]{subsection.6.6}{\376\377\000I\000l\000l\000u\000s\000t\000r\000a\000t\000i\000v\000e\000\040\000A\000p\000p\000l\000i\000c\000a\000t\000i\000o\000n\000\040\000o\000f\000\040\000t\000h\000e\000\040\000I\000n\000p\000u\000t\000-\000O\000u\000t\000p\000u\000t\000\040\000M\000o\000d\000e\000l}{section.6}% 23
\BOOKMARK [3][-]{subsubsection.6.6.1}{\376\377\000D\000a\000t\000a\000\040\000a\000n\000d\000\040\000M\000e\000t\000h\000o\000d\000o\000l\000o\000g\000y}{subsection.6.6}% 24
\BOOKMARK [3][-]{subsubsection.6.6.2}{\376\377\000R\000e\000s\000u\000l\000t\000s}{subsection.6.6}% 25
\BOOKMARK [2][-]{subsection.6.7}{\376\377\000C\000o\000m\000p\000a\000r\000a\000t\000i\000v\000e\000\040\000A\000s\000s\000e\000s\000s\000m\000e\000n\000t\000\040\000o\000f\000\040\000L\000C\000A\000\040\000a\000n\000d\000\040\000E\000E\000I\000O\000A\000\040\000f\000o\000r\000\040\000H\000o\000u\000s\000e\000h\000o\000l\000d\000\040\000C\000a\000r\000b\000o\000n\000\040\000F\000o\000o\000t\000p\000r\000i\000n\000t\000\040\000E\000s\000t\000i\000m\000a\000t\000i\000o\000n}{section.6}% 26
\BOOKMARK [1][-]{section.7}{\376\377\000T\000h\000e\000\040\000H\000a\000k\000e\000n\000e\000s\000\040\000\046\000\040\000S\000c\000h\000l\000i\000e\000p\000h\000a\000k\000e\000\040\000M\000o\000d\000e\000l}{}% 27
\BOOKMARK [2][-]{subsection.7.1}{\376\377\000D\000e\000r\000i\000v\000i\000n\000g\000\040\000t\000h\000e\000\040\000H\000o\000u\000s\000e\000h\000o\000l\000d\000\040\000F\000o\000o\000t\000p\000r\000i\000n\000t\000\040\000i\000n\000\040\000a\000\040\000O\000n\000e\000-\000I\000n\000d\000u\000s\000t\000r\000y\000\040\000E\000c\000o\000n\000o\000m\000y}{section.7}% 28
\BOOKMARK [3][-]{subsubsection.7.1.1}{\376\377\000P\000r\000o\000d\000u\000c\000t\000i\000o\000n\000\040\000a\000n\000d\000\040\000E\000m\000i\000s\000s\000i\000o\000n\000s}{subsection.7.1}% 29
\BOOKMARK [3][-]{subsubsection.7.1.2}{\376\377\000F\000i\000r\000m\000s\000\040\000a\000n\000d\000\040\000C\000a\000p\000i\000t\000a\000l\000\040\000M\000a\000r\000k\000e\000t}{subsection.7.1}% 30
\BOOKMARK [3][-]{subsubsection.7.1.3}{\376\377\000H\000o\000u\000s\000e\000h\000o\000l\000d\000\040\000O\000p\000t\000i\000m\000i\000z\000a\000t\000i\000o\000n\000\040\000P\000r\000o\000b\000l\000e\000m}{subsection.7.1}% 31
\BOOKMARK [3][-]{subsubsection.7.1.4}{\376\377\000F\000i\000r\000s\000t\000-\000O\000r\000d\000e\000r\000\040\000C\000o\000n\000d\000i\000t\000i\000o\000n\000s}{subsection.7.1}% 32
\BOOKMARK [3][-]{subsubsection.7.1.5}{\376\377\000M\000a\000r\000k\000e\000t\000\040\000E\000q\000u\000i\000l\000i\000b\000r\000i\000u\000m\000\040\000a\000n\000d\000\040\000D\000e\000r\000i\000v\000a\000t\000i\000o\000n\000\040\000o\000f\000\040\000t\000h\000e\000\040\000W\000e\000i\000g\000h\000t\000i\000n\000g\000\040\000P\000a\000r\000a\000m\000e\000t\000e\000r}{subsection.7.1}% 33
\BOOKMARK [3][-]{subsubsection.7.1.6}{\376\377\000H\000o\000u\000s\000e\000h\000o\000l\000d\000\040\000F\000o\000o\000t\000p\000r\000i\000n\000t}{subsection.7.1}% 34
\BOOKMARK [3][-]{subsubsection.7.1.7}{\376\377\000C\000o\000m\000p\000a\000r\000a\000t\000i\000v\000e\000\040\000S\000t\000a\000t\000i\000c\000s\000\040\000o\000f\000\040\000t\000h\000e\000\040\000W\000e\000i\000g\000h\000t\000i\000n\000g\000\040\000P\000a\000r\000a\000m\000e\000t\000e\000r\000\040\000\040\000b\000o\000l\000d\0000\000m\000u\000\040\000m\000u\000m\000u\000\040\000\040}{subsection.7.1}% 35
\BOOKMARK [2][-]{subsection.7.2}{\376\377\000E\000m\000p\000i\000r\000i\000c\000a\000l\000\040\000I\000l\000l\000u\000s\000t\000r\000a\000t\000i\000o\000n\000:\000\040\000A\000p\000p\000l\000i\000c\000a\000t\000i\000o\000n\000\040\000o\000f\000\040\000t\000h\000e\000\040\000S\000i\000n\000g\000l\000e\000-\000I\000n\000d\000u\000s\000t\000r\000y\000\040\000M\000o\000d\000e\000l}{section.7}% 36
\BOOKMARK [3][-]{subsubsection.7.2.1}{\376\377\000C\000a\000r\000b\000o\000n\000\040\000F\000o\000o\000t\000p\000r\000i\000n\000t\000\040\000E\000s\000t\000i\000m\000a\000t\000i\000o\000n\000\040\000u\000n\000d\000e\000r\000\040\000E\000m\000p\000i\000r\000i\000c\000a\000l\000\040\000S\000u\000p\000p\000l\000y\000\040\000C\000u\000r\000v\000e}{subsection.7.2}% 37
\BOOKMARK [3][-]{subsubsection.7.2.2}{\376\377\000C\000a\000r\000b\000o\000n\000\040\000F\000o\000o\000t\000p\000r\000i\000n\000t\000\040\000E\000s\000t\000i\000m\000a\000t\000i\000o\000n\000\040\000u\000n\000d\000e\000r\000\040\000T\000h\000e\000o\000r\000e\000t\000i\000c\000a\000l\000\040\000S\000u\000p\000p\000l\000y\000\040\000C\000u\000r\000v\000e}{subsection.7.2}% 38
\BOOKMARK [3][-]{subsubsection.7.2.3}{\376\377\000S\000t\000r\000u\000c\000t\000u\000r\000a\000l\000\040\000S\000o\000u\000r\000c\000e\000s\000\040\000o\000f\000\040\000D\000i\000f\000f\000e\000r\000e\000n\000c\000e\000\040\000i\000n\000\040\000E\000m\000i\000s\000s\000i\000o\000n\000s\000\040\000O\000u\000t\000c\000o\000m\000e\000s}{subsection.7.2}% 39
\BOOKMARK [1][-]{section.8}{\376\377\000R\000e\000s\000p\000o\000n\000s\000i\000b\000i\000l\000i\000t\000y\000\040\000f\000o\000r\000\040\000H\000o\000u\000s\000e\000h\000o\000l\000d\000\040\000C\000a\000r\000b\000o\000n\000\040\000E\000m\000i\000s\000s\000i\000o\000n\000s}{}% 40
\BOOKMARK [2][-]{subsection.8.1}{\376\377\000A\000t\000t\000r\000i\000b\000u\000t\000i\000o\000n\000\040\000P\000r\000i\000n\000c\000i\000p\000l\000e\000s}{section.8}% 41
\BOOKMARK [3][-]{subsubsection.8.1.1}{\376\377\000A\000t\000t\000r\000i\000b\000u\000t\000i\000o\000n\000\040\000B\000a\000s\000e\000d\000\040\000o\000n\000\040\000O\000p\000e\000r\000a\000t\000i\000o\000n\000a\000l\000\040\000C\000o\000n\000t\000r\000o\000l}{subsection.8.1}% 42
\BOOKMARK [3][-]{subsubsection.8.1.2}{\376\377\000C\000o\000n\000s\000u\000m\000p\000t\000i\000o\000n\000-\000B\000a\000s\000e\000d\000\040\000A\000t\000t\000r\000i\000b\000u\000t\000i\000o\000n}{subsection.8.1}% 43
\BOOKMARK [3][-]{subsubsection.8.1.3}{\376\377\000C\000o\000n\000s\000e\000q\000u\000e\000n\000t\000i\000a\000l\000i\000s\000t\000\040\000A\000t\000t\000r\000i\000b\000u\000t\000i\000o\000n}{subsection.8.1}% 44
\BOOKMARK [2][-]{subsection.8.2}{\376\377\000C\000o\000m\000p\000a\000r\000a\000t\000i\000v\000e\000\040\000S\000y\000n\000t\000h\000e\000s\000i\000s\000\040\000o\000f\000\040\000A\000t\000t\000r\000i\000b\000u\000t\000i\000o\000n\000\040\000F\000r\000a\000m\000e\000w\000o\000r\000k\000s}{section.8}% 45
\BOOKMARK [1][-]{section.9}{\376\377\000C\000o\000m\000p\000a\000r\000a\000t\000i\000v\000e\000\040\000R\000e\000f\000l\000e\000c\000t\000i\000o\000n\000s\000\040\000o\000n\000\040\000P\000o\000l\000i\000c\000y\000\040\000I\000n\000s\000t\000r\000u\000m\000e\000n\000t\000s\000\040\000f\000o\000r\000\040\000H\000o\000u\000s\000e\000h\000o\000l\000d\000\040\000D\000e\000c\000a\000r\000b\000o\000n\000i\000z\000a\000t\000i\000o\000n}{}% 46
\BOOKMARK [2][-]{subsection.9.1}{\376\377\000C\000a\000r\000b\000o\000n\000\040\000T\000a\000x\000e\000s}{section.9}% 47
\BOOKMARK [2][-]{subsection.9.2}{\376\377\000P\000r\000o\000d\000u\000c\000t\000\040\000a\000n\000d\000\040\000A\000p\000p\000l\000i\000a\000n\000c\000e\000\040\000S\000t\000a\000n\000d\000a\000r\000d\000s}{section.9}% 48
\BOOKMARK [2][-]{subsection.9.3}{\376\377\000I\000n\000v\000e\000s\000t\000m\000e\000n\000t\000-\000B\000a\000s\000e\000d\000\040\000I\000n\000s\000t\000r\000u\000m\000e\000n\000t\000s}{section.9}% 49
\BOOKMARK [2][-]{subsection.9.4}{\376\377\000B\000e\000h\000a\000v\000i\000o\000u\000r\000a\000l\000\040\000I\000n\000t\000e\000r\000v\000e\000n\000t\000i\000o\000n\000s}{section.9}% 50
\BOOKMARK [2][-]{subsection.9.5}{\376\377\000A\000I\000\040\000a\000n\000d\000\040\000D\000i\000g\000i\000t\000a\000l\000\040\000T\000o\000o\000l\000s}{section.9}% 51
\BOOKMARK [2][-]{subsection.9.6}{\376\377\000I\000n\000t\000e\000g\000r\000a\000t\000i\000n\000g\000\040\000I\000n\000s\000t\000r\000u\000m\000e\000n\000t\000s\000\040\000a\000n\000d\000\040\000E\000q\000u\000i\000t\000y}{section.9}% 52
\BOOKMARK [2][-]{subsection.9.7}{\376\377\000P\000o\000l\000i\000c\000y\000\040\000I\000m\000p\000l\000i\000c\000a\000t\000i\000o\000n\000s\000\040\000a\000n\000d\000\040\000S\000t\000r\000a\000t\000e\000g\000i\000c\000\040\000R\000e\000c\000o\000m\000m\000e\000n\000d\000a\000t\000i\000o\000n\000s}{section.9}% 53
\BOOKMARK [1][-]{section.10}{\376\377\000C\000o\000n\000c\000l\000u\000s\000i\000o\000n}{}% 54
